2023-02-21 11:02:36,131 [main] INFO  c.saggraha.SpringbootLogging1Application           - Starting SpringbootLogging1Application using Java 1.8.0_111 on SaG-HO-IT-Sathishkumar with PID 556 (E:\JRTP\WorkSpace\SpringbootLogging3\target\classes started by Sathish Kumar D S in E:\JRTP\WorkSpace\SpringbootLogging3)
2023-02-21 11:02:36,136 [main] INFO  c.saggraha.SpringbootLogging1Application           - No active profile set, falling back to 1 default profile: "default"
2023-02-21 11:02:37,243 [main] INFO  o.s.b.w.embedded.tomcat.TomcatWebServer            - Tomcat initialized with port(s): 9988 (http)
2023-02-21 11:02:37,255 [main] INFO  o.apache.coyote.http11.Http11NioProtocol           - Initializing ProtocolHandler ["http-nio-9988"]
2023-02-21 11:02:37,256 [main] INFO  org.apache.catalina.core.StandardService           - Starting service [Tomcat]
2023-02-21 11:02:37,257 [main] INFO  org.apache.catalina.core.StandardEngine            - Starting Servlet engine: [Apache Tomcat/9.0.71]
2023-02-21 11:02:37,413 [main] INFO  o.a.c.c.C.[Tomcat].[localhost].[/]                 - Initializing Spring embedded WebApplicationContext
2023-02-21 11:02:37,413 [main] INFO  o.s.b.w.s.c.ServletWebServerApplicationContext     - Root WebApplicationContext: initialization completed in 1202 ms
2023-02-21 11:02:37,857 [main] INFO  o.apache.coyote.http11.Http11NioProtocol           - Starting ProtocolHandler ["http-nio-9988"]
2023-02-21 11:02:37,879 [main] INFO  o.s.b.w.embedded.tomcat.TomcatWebServer            - Tomcat started on port(s): 9988 (http) with context path ''
2023-02-21 11:02:37,890 [main] INFO  c.saggraha.SpringbootLogging1Application           - Started SpringbootLogging1Application in 2.195 seconds (JVM running for 5.023)
2023-02-21 11:02:37,893 [main] INFO  com.saggraha.log.LoggingTest1                      - testOneMethod Stared
2023-02-21 11:02:37,893 [main] INFO  com.saggraha.log.LoggingTest2                      - testTwoMethod Stared
2023-02-21 11:02:37,893 [main] INFO  com.saggraha.log.LoggingTest2                      - testTwoMethod Ended
2023-02-21 11:02:37,894 [main] INFO  com.saggraha.log.LoggingTest3                      - testThreeMethod Stared
2023-02-21 11:02:37,894 [main] INFO  com.saggraha.log.LoggingTest3                      - testThreeMethod Ended
2023-02-21 11:02:37,894 [main] INFO  com.saggraha.log.LoggingTest1                      - testOneMethod Ended
2023-02-21 11:14:37,996 [RMI TCP Connection(19)-127.0.0.1] INFO  o.s.b.a.SpringApplicationAdminMXBeanRegistrar$SpringApplicationAdmin - Application shutdown requested.
2023-02-21 11:14:39,837 [RMI TCP Connection(19)-127.0.0.1] INFO  o.apache.coyote.http11.Http11NioProtocol           - Pausing ProtocolHandler ["http-nio-9988"]
2023-02-21 11:14:39,837 [RMI TCP Connection(19)-127.0.0.1] INFO  org.apache.catalina.core.StandardService           - Stopping service [Tomcat]
2023-02-21 11:14:39,843 [RMI TCP Connection(19)-127.0.0.1] INFO  o.apache.coyote.http11.Http11NioProtocol           - Stopping ProtocolHandler ["http-nio-9988"]
2023-02-21 11:14:39,845 [RMI TCP Connection(19)-127.0.0.1] INFO  o.apache.coyote.http11.Http11NioProtocol           - Destroying ProtocolHandler ["http-nio-9988"]
2023-02-21 15:34:30,414 [main] INFO  o.s.b.t.c.SpringBootTestContextBootstrapper        - Neither @ContextConfiguration nor @ContextHierarchy found for test class [com.saggraha.SpringbootLogging1ApplicationTests], using SpringBootContextLoader
2023-02-21 15:34:30,424 [main] INFO  o.s.t.c.support.AbstractContextLoader              - Could not detect default resource locations for test class [com.saggraha.SpringbootLogging1ApplicationTests]: no resource found for suffixes {-context.xml, Context.groovy}.
2023-02-21 15:34:30,425 [main] INFO  o.s.t.c.s.AnnotationConfigContextLoaderUtils       - Could not detect default configuration classes for test class [com.saggraha.SpringbootLogging1ApplicationTests]: SpringbootLogging1ApplicationTests does not declare any static, non-private, non-final, nested classes annotated with @Configuration.
2023-02-21 15:34:30,619 [main] INFO  o.s.b.t.c.SpringBootTestContextBootstrapper        - Found @SpringBootConfiguration com.saggraha.SpringbootLogging1Application for test class com.saggraha.SpringbootLogging1ApplicationTests
2023-02-21 15:34:30,866 [main] INFO  o.s.b.t.c.SpringBootTestContextBootstrapper        - Loaded default TestExecutionListener class names from location [META-INF/spring.factories]: [org.springframework.boot.test.mock.mockito.MockitoTestExecutionListener, org.springframework.boot.test.mock.mockito.ResetMocksTestExecutionListener, org.springframework.boot.test.autoconfigure.restdocs.RestDocsTestExecutionListener, org.springframework.boot.test.autoconfigure.web.client.MockRestServiceServerResetTestExecutionListener, org.springframework.boot.test.autoconfigure.web.servlet.MockMvcPrintOnlyOnFailureTestExecutionListener, org.springframework.boot.test.autoconfigure.web.servlet.WebDriverTestExecutionListener, org.springframework.boot.test.autoconfigure.webservices.client.MockWebServiceServerTestExecutionListener, org.springframework.test.context.web.ServletTestExecutionListener, org.springframework.test.context.support.DirtiesContextBeforeModesTestExecutionListener, org.springframework.test.context.event.ApplicationEventsTestExecutionListener, org.springframework.test.context.support.DependencyInjectionTestExecutionListener, org.springframework.test.context.support.DirtiesContextTestExecutionListener, org.springframework.test.context.transaction.TransactionalTestExecutionListener, org.springframework.test.context.jdbc.SqlScriptsTestExecutionListener, org.springframework.test.context.event.EventPublishingTestExecutionListener]
2023-02-21 15:34:30,903 [main] INFO  o.s.b.t.c.SpringBootTestContextBootstrapper        - Using TestExecutionListeners: [org.springframework.test.context.web.ServletTestExecutionListener@1f760b47, org.springframework.test.context.support.DirtiesContextBeforeModesTestExecutionListener@18ece7f4, org.springframework.test.context.event.ApplicationEventsTestExecutionListener@3cce57c7, org.springframework.boot.test.mock.mockito.MockitoTestExecutionListener@1cf56a1c, org.springframework.boot.test.autoconfigure.SpringBootDependencyInjectionTestExecutionListener@33f676f6, org.springframework.test.context.support.DirtiesContextTestExecutionListener@4c5ae43b, org.springframework.test.context.event.EventPublishingTestExecutionListener@264f218, org.springframework.boot.test.mock.mockito.ResetMocksTestExecutionListener@3576ddc2, org.springframework.boot.test.autoconfigure.restdocs.RestDocsTestExecutionListener@35b74c5c, org.springframework.boot.test.autoconfigure.web.client.MockRestServiceServerResetTestExecutionListener@2e570ded, org.springframework.boot.test.autoconfigure.web.servlet.MockMvcPrintOnlyOnFailureTestExecutionListener@b86de0d, org.springframework.boot.test.autoconfigure.web.servlet.WebDriverTestExecutionListener@81d9a72, org.springframework.boot.test.autoconfigure.webservices.client.MockWebServiceServerTestExecutionListener@747f281]
2023-02-21 15:34:31,575 [main] INFO  c.s.SpringbootLogging1ApplicationTests             - Starting SpringbootLogging1ApplicationTests using Java 1.8.0_111 on SaG-HO-IT-Sathishkumar with PID 4044 (started by Sathish Kumar D S in E:\JRTP\WorkSpace\SpringbootLogging3)
2023-02-21 15:34:31,576 [main] INFO  c.s.SpringbootLogging1ApplicationTests             - No active profile set, falling back to 1 default profile: "default"
2023-02-21 15:34:35,224 [main] INFO  c.s.SpringbootLogging1ApplicationTests             - Started SpringbootLogging1ApplicationTests in 4.223 seconds (JVM running for 6.275)
2023-02-21 15:43:36,112 [main] INFO  o.s.b.t.c.SpringBootTestContextBootstrapper        - Neither @ContextConfiguration nor @ContextHierarchy found for test class [com.saggraha.SpringbootLogging1ApplicationTests], using SpringBootContextLoader
2023-02-21 15:43:36,120 [main] INFO  o.s.t.c.support.AbstractContextLoader              - Could not detect default resource locations for test class [com.saggraha.SpringbootLogging1ApplicationTests]: no resource found for suffixes {-context.xml, Context.groovy}.
2023-02-21 15:43:36,121 [main] INFO  o.s.t.c.s.AnnotationConfigContextLoaderUtils       - Could not detect default configuration classes for test class [com.saggraha.SpringbootLogging1ApplicationTests]: SpringbootLogging1ApplicationTests does not declare any static, non-private, non-final, nested classes annotated with @Configuration.
2023-02-21 15:43:36,296 [main] INFO  o.s.b.t.c.SpringBootTestContextBootstrapper        - Found @SpringBootConfiguration com.saggraha.SpringbootLogging1Application for test class com.saggraha.SpringbootLogging1ApplicationTests
2023-02-21 15:43:36,511 [main] INFO  o.s.b.t.c.SpringBootTestContextBootstrapper        - Loaded default TestExecutionListener class names from location [META-INF/spring.factories]: [org.springframework.boot.test.mock.mockito.MockitoTestExecutionListener, org.springframework.boot.test.mock.mockito.ResetMocksTestExecutionListener, org.springframework.boot.test.autoconfigure.restdocs.RestDocsTestExecutionListener, org.springframework.boot.test.autoconfigure.web.client.MockRestServiceServerResetTestExecutionListener, org.springframework.boot.test.autoconfigure.web.servlet.MockMvcPrintOnlyOnFailureTestExecutionListener, org.springframework.boot.test.autoconfigure.web.servlet.WebDriverTestExecutionListener, org.springframework.boot.test.autoconfigure.webservices.client.MockWebServiceServerTestExecutionListener, org.springframework.test.context.web.ServletTestExecutionListener, org.springframework.test.context.support.DirtiesContextBeforeModesTestExecutionListener, org.springframework.test.context.event.ApplicationEventsTestExecutionListener, org.springframework.test.context.support.DependencyInjectionTestExecutionListener, org.springframework.test.context.support.DirtiesContextTestExecutionListener, org.springframework.test.context.transaction.TransactionalTestExecutionListener, org.springframework.test.context.jdbc.SqlScriptsTestExecutionListener, org.springframework.test.context.event.EventPublishingTestExecutionListener]
2023-02-21 15:43:36,546 [main] INFO  o.s.b.t.c.SpringBootTestContextBootstrapper        - Using TestExecutionListeners: [org.springframework.test.context.web.ServletTestExecutionListener@1f760b47, org.springframework.test.context.support.DirtiesContextBeforeModesTestExecutionListener@18ece7f4, org.springframework.test.context.event.ApplicationEventsTestExecutionListener@3cce57c7, org.springframework.boot.test.mock.mockito.MockitoTestExecutionListener@1cf56a1c, org.springframework.boot.test.autoconfigure.SpringBootDependencyInjectionTestExecutionListener@33f676f6, org.springframework.test.context.support.DirtiesContextTestExecutionListener@4c5ae43b, org.springframework.test.context.event.EventPublishingTestExecutionListener@264f218, org.springframework.boot.test.mock.mockito.ResetMocksTestExecutionListener@3576ddc2, org.springframework.boot.test.autoconfigure.restdocs.RestDocsTestExecutionListener@35b74c5c, org.springframework.boot.test.autoconfigure.web.client.MockRestServiceServerResetTestExecutionListener@2e570ded, org.springframework.boot.test.autoconfigure.web.servlet.MockMvcPrintOnlyOnFailureTestExecutionListener@b86de0d, org.springframework.boot.test.autoconfigure.web.servlet.WebDriverTestExecutionListener@81d9a72, org.springframework.boot.test.autoconfigure.webservices.client.MockWebServiceServerTestExecutionListener@747f281]
2023-02-21 15:43:37,300 [main] INFO  c.s.SpringbootLogging1ApplicationTests             - Starting SpringbootLogging1ApplicationTests using Java 1.8.0_111 on SaG-HO-IT-Sathishkumar with PID 2024 (started by Sathish Kumar D S in E:\JRTP\WorkSpace\SpringbootLogging3)
2023-02-21 15:43:37,301 [main] INFO  c.s.SpringbootLogging1ApplicationTests             - No active profile set, falling back to 1 default profile: "default"
2023-02-21 15:43:40,945 [main] INFO  c.s.SpringbootLogging1ApplicationTests             - Started SpringbootLogging1ApplicationTests in 4.306 seconds (JVM running for 6.348)
2023-02-21 15:56:08,884 [main] INFO  c.saggraha.SpringbootLogging1Application           - Starting SpringbootLogging1Application using Java 1.8.0_111 on SaG-HO-IT-Sathishkumar with PID 8744 (E:\JRTP\WorkSpace\SpringbootLogging3\target\classes started by Sathish Kumar D S in E:\JRTP\WorkSpace\SpringbootLogging3)
2023-02-21 15:56:08,904 [main] INFO  c.saggraha.SpringbootLogging1Application           - No active profile set, falling back to 1 default profile: "default"
2023-02-21 15:56:10,464 [main] INFO  o.s.b.w.embedded.tomcat.TomcatWebServer            - Tomcat initialized with port(s): 9988 (http)
2023-02-21 15:56:10,481 [main] INFO  o.apache.coyote.http11.Http11NioProtocol           - Initializing ProtocolHandler ["http-nio-9988"]
2023-02-21 15:56:10,483 [main] INFO  org.apache.catalina.core.StandardService           - Starting service [Tomcat]
2023-02-21 15:56:10,484 [main] INFO  org.apache.catalina.core.StandardEngine            - Starting Servlet engine: [Apache Tomcat/9.0.71]
2023-02-21 15:56:10,659 [main] INFO  o.a.c.c.C.[Tomcat].[localhost].[/]                 - Initializing Spring embedded WebApplicationContext
2023-02-21 15:56:10,659 [main] INFO  o.s.b.w.s.c.ServletWebServerApplicationContext     - Root WebApplicationContext: initialization completed in 1680 ms
2023-02-21 15:56:11,134 [main] INFO  o.apache.coyote.http11.Http11NioProtocol           - Starting ProtocolHandler ["http-nio-9988"]
2023-02-21 15:56:11,163 [main] INFO  o.s.b.w.embedded.tomcat.TomcatWebServer            - Tomcat started on port(s): 9988 (http) with context path ''
2023-02-21 15:56:11,174 [main] INFO  c.saggraha.SpringbootLogging1Application           - Started SpringbootLogging1Application in 2.792 seconds (JVM running for 5.861)
2023-02-21 15:56:11,177 [main] INFO  com.saggraha.log.LoggingTest1                      - testOneMethod Stared
2023-02-21 15:56:11,177 [main] INFO  com.saggraha.log.LoggingTest2                      - testTwoMethod Stared
2023-02-21 15:56:11,177 [main] INFO  com.saggraha.log.LoggingTest2                      - testTwoMethod Ended
2023-02-21 15:56:11,177 [main] INFO  com.saggraha.log.LoggingTest3                      - testThreeMethod Stared
2023-02-21 15:56:11,177 [main] INFO  com.saggraha.log.LoggingTest3                      - testThreeMethod Ended
2023-02-21 15:56:11,177 [main] INFO  com.saggraha.log.LoggingTest1                      - testOneMethod Ended
2023-02-21 18:24:41,840 [RMI TCP Connection(158)-127.0.0.1] INFO  o.s.b.a.SpringApplicationAdminMXBeanRegistrar$SpringApplicationAdmin - Application shutdown requested.
2023-02-21 18:24:44,144 [RMI TCP Connection(158)-127.0.0.1] INFO  o.apache.coyote.http11.Http11NioProtocol           - Pausing ProtocolHandler ["http-nio-9988"]
2023-02-21 18:24:44,146 [RMI TCP Connection(158)-127.0.0.1] INFO  org.apache.catalina.core.StandardService           - Stopping service [Tomcat]
2023-02-21 18:24:44,180 [RMI TCP Connection(158)-127.0.0.1] INFO  o.apache.coyote.http11.Http11NioProtocol           - Stopping ProtocolHandler ["http-nio-9988"]
2023-02-21 18:24:44,194 [RMI TCP Connection(158)-127.0.0.1] INFO  o.apache.coyote.http11.Http11NioProtocol           - Destroying ProtocolHandler ["http-nio-9988"]
